{"/home/fahim/Projects/text_analyzer_tool/server.js": {"path":"/home/fahim/Projects/text_analyzer_tool/server.js","statementMap":{"0":{"start":{"line":1,"column":16},"end":{"line":1,"column":34}},"1":{"start":{"line":2,"column":13},"end":{"line":2,"column":28}},"2":{"start":{"line":3,"column":15},"end":{"line":3,"column":32}},"3":{"start":{"line":4,"column":0},"end":{"line":4,"column":27}},"4":{"start":{"line":5,"column":19},"end":{"line":5,"column":41}},"5":{"start":{"line":7,"column":12},"end":{"line":7,"column":21}},"6":{"start":{"line":10,"column":0},"end":{"line":10,"column":24}},"7":{"start":{"line":11,"column":0},"end":{"line":11,"column":16}},"8":{"start":{"line":12,"column":0},"end":{"line":12,"column":23}},"9":{"start":{"line":13,"column":0},"end":{"line":13,"column":27}},"10":{"start":{"line":15,"column":0},"end":{"line":30,"column":3}},"11":{"start":{"line":16,"column":4},"end":{"line":16,"column":51}},"12":{"start":{"line":17,"column":4},"end":{"line":17,"column":59}},"13":{"start":{"line":18,"column":4},"end":{"line":18,"column":81}},"14":{"start":{"line":19,"column":4},"end":{"line":19,"column":66}},"15":{"start":{"line":20,"column":4},"end":{"line":23,"column":6}},"16":{"start":{"line":25,"column":4},"end":{"line":27,"column":5}},"17":{"start":{"line":26,"column":8},"end":{"line":26,"column":35}},"18":{"start":{"line":29,"column":4},"end":{"line":29,"column":11}},"19":{"start":{"line":33,"column":18},"end":{"line":33,"column":47}},"20":{"start":{"line":34,"column":0},"end":{"line":34,"column":27}},"21":{"start":{"line":36,"column":0},"end":{"line":36,"column":21}}},"fnMap":{"0":{"name":"(anonymous_0)","decl":{"start":{"line":15,"column":8},"end":{"line":15,"column":9}},"loc":{"start":{"line":15,"column":28},"end":{"line":30,"column":1}},"line":15}},"branchMap":{"0":{"loc":{"start":{"line":25,"column":4},"end":{"line":27,"column":5}},"type":"if","locations":[{"start":{"line":25,"column":4},"end":{"line":27,"column":5}},{"start":{},"end":{}}],"line":25}},"s":{"0":2,"1":2,"2":2,"3":2,"4":2,"5":2,"6":2,"7":2,"8":2,"9":2,"10":2,"11":17,"12":17,"13":17,"14":17,"15":17,"16":17,"17":0,"18":17,"19":2,"20":2,"21":2},"f":{"0":17},"b":{"0":[0,17]},"_coverageSchema":"1a1c01bbd47fc00a2c39e90264f33305004495a9","hash":"09513844f14ac030e8b9ff37c228774d1a64c066"}
,"/home/fahim/Projects/text_analyzer_tool/app/controller/textAnalyzerController.js": {"path":"/home/fahim/Projects/text_analyzer_tool/app/controller/textAnalyzerController.js","statementMap":{"0":{"start":{"line":1,"column":24},"end":{"line":12,"column":1}},"1":{"start":{"line":2,"column":4},"end":{"line":11,"column":5}},"2":{"start":{"line":3,"column":25},"end":{"line":3,"column":33}},"3":{"start":{"line":4,"column":8},"end":{"line":6,"column":9}},"4":{"start":{"line":5,"column":12},"end":{"line":5,"column":77}},"5":{"start":{"line":7,"column":26},"end":{"line":7,"column":44}},"6":{"start":{"line":8,"column":8},"end":{"line":8,"column":51}},"7":{"start":{"line":10,"column":8},"end":{"line":10,"column":62}},"8":{"start":{"line":14,"column":29},"end":{"line":25,"column":1}},"9":{"start":{"line":15,"column":4},"end":{"line":24,"column":5}},"10":{"start":{"line":16,"column":25},"end":{"line":16,"column":33}},"11":{"start":{"line":17,"column":8},"end":{"line":19,"column":9}},"12":{"start":{"line":18,"column":12},"end":{"line":18,"column":77}},"13":{"start":{"line":20,"column":31},"end":{"line":20,"column":54}},"14":{"start":{"line":21,"column":8},"end":{"line":21,"column":56}},"15":{"start":{"line":23,"column":8},"end":{"line":23,"column":62}},"16":{"start":{"line":27,"column":28},"end":{"line":38,"column":1}},"17":{"start":{"line":28,"column":4},"end":{"line":37,"column":5}},"18":{"start":{"line":29,"column":25},"end":{"line":29,"column":33}},"19":{"start":{"line":30,"column":8},"end":{"line":32,"column":9}},"20":{"start":{"line":31,"column":12},"end":{"line":31,"column":77}},"21":{"start":{"line":33,"column":30},"end":{"line":33,"column":52}},"22":{"start":{"line":34,"column":8},"end":{"line":34,"column":55}},"23":{"start":{"line":36,"column":8},"end":{"line":36,"column":62}},"24":{"start":{"line":40,"column":29},"end":{"line":51,"column":1}},"25":{"start":{"line":41,"column":4},"end":{"line":50,"column":5}},"26":{"start":{"line":42,"column":25},"end":{"line":42,"column":33}},"27":{"start":{"line":43,"column":8},"end":{"line":45,"column":9}},"28":{"start":{"line":44,"column":12},"end":{"line":44,"column":77}},"29":{"start":{"line":46,"column":31},"end":{"line":46,"column":54}},"30":{"start":{"line":47,"column":8},"end":{"line":47,"column":56}},"31":{"start":{"line":49,"column":8},"end":{"line":49,"column":62}},"32":{"start":{"line":53,"column":39},"end":{"line":64,"column":1}},"33":{"start":{"line":54,"column":4},"end":{"line":63,"column":5}},"34":{"start":{"line":55,"column":25},"end":{"line":55,"column":33}},"35":{"start":{"line":56,"column":8},"end":{"line":58,"column":9}},"36":{"start":{"line":57,"column":12},"end":{"line":57,"column":77}},"37":{"start":{"line":59,"column":29},"end":{"line":59,"column":62}},"38":{"start":{"line":60,"column":8},"end":{"line":60,"column":54}},"39":{"start":{"line":62,"column":8},"end":{"line":62,"column":62}},"40":{"start":{"line":67,"column":21},"end":{"line":69,"column":1}},"41":{"start":{"line":68,"column":4},"end":{"line":68,"column":52}},"42":{"start":{"line":71,"column":26},"end":{"line":73,"column":1}},"43":{"start":{"line":72,"column":4},"end":{"line":72,"column":43}},"44":{"start":{"line":75,"column":25},"end":{"line":77,"column":1}},"45":{"start":{"line":76,"column":4},"end":{"line":76,"column":63}},"46":{"start":{"line":79,"column":26},"end":{"line":81,"column":1}},"47":{"start":{"line":80,"column":4},"end":{"line":80,"column":52}},"48":{"start":{"line":83,"column":36},"end":{"line":103,"column":1}},"49":{"start":{"line":84,"column":23},"end":{"line":84,"column":56}},"50":{"start":{"line":85,"column":25},"end":{"line":100,"column":6}},"51":{"start":{"line":86,"column":22},"end":{"line":86,"column":60}},"52":{"start":{"line":87,"column":24},"end":{"line":87,"column":25}},"53":{"start":{"line":88,"column":33},"end":{"line":88,"column":35}},"54":{"start":{"line":90,"column":8},"end":{"line":97,"column":11}},"55":{"start":{"line":91,"column":12},"end":{"line":96,"column":13}},"56":{"start":{"line":92,"column":16},"end":{"line":92,"column":40}},"57":{"start":{"line":93,"column":16},"end":{"line":93,"column":44}},"58":{"start":{"line":94,"column":19},"end":{"line":96,"column":13}},"59":{"start":{"line":95,"column":16},"end":{"line":95,"column":46}},"60":{"start":{"line":99,"column":8},"end":{"line":99,"column":34}},"61":{"start":{"line":102,"column":4},"end":{"line":102,"column":31}},"62":{"start":{"line":106,"column":0},"end":{"line":112,"column":2}}},"fnMap":{"0":{"name":"(anonymous_0)","decl":{"start":{"line":1,"column":24},"end":{"line":1,"column":25}},"loc":{"start":{"line":1,"column":44},"end":{"line":12,"column":1}},"line":1},"1":{"name":"(anonymous_1)","decl":{"start":{"line":14,"column":29},"end":{"line":14,"column":30}},"loc":{"start":{"line":14,"column":49},"end":{"line":25,"column":1}},"line":14},"2":{"name":"(anonymous_2)","decl":{"start":{"line":27,"column":28},"end":{"line":27,"column":29}},"loc":{"start":{"line":27,"column":48},"end":{"line":38,"column":1}},"line":27},"3":{"name":"(anonymous_3)","decl":{"start":{"line":40,"column":29},"end":{"line":40,"column":30}},"loc":{"start":{"line":40,"column":49},"end":{"line":51,"column":1}},"line":40},"4":{"name":"(anonymous_4)","decl":{"start":{"line":53,"column":39},"end":{"line":53,"column":40}},"loc":{"start":{"line":53,"column":59},"end":{"line":64,"column":1}},"line":53},"5":{"name":"(anonymous_5)","decl":{"start":{"line":67,"column":21},"end":{"line":67,"column":22}},"loc":{"start":{"line":67,"column":31},"end":{"line":69,"column":1}},"line":67},"6":{"name":"(anonymous_6)","decl":{"start":{"line":71,"column":26},"end":{"line":71,"column":27}},"loc":{"start":{"line":71,"column":36},"end":{"line":73,"column":1}},"line":71},"7":{"name":"(anonymous_7)","decl":{"start":{"line":75,"column":25},"end":{"line":75,"column":26}},"loc":{"start":{"line":75,"column":35},"end":{"line":77,"column":1}},"line":75},"8":{"name":"(anonymous_8)","decl":{"start":{"line":79,"column":26},"end":{"line":79,"column":27}},"loc":{"start":{"line":79,"column":36},"end":{"line":81,"column":1}},"line":79},"9":{"name":"(anonymous_9)","decl":{"start":{"line":83,"column":36},"end":{"line":83,"column":37}},"loc":{"start":{"line":83,"column":46},"end":{"line":103,"column":1}},"line":83},"10":{"name":"(anonymous_10)","decl":{"start":{"line":85,"column":40},"end":{"line":85,"column":41}},"loc":{"start":{"line":85,"column":53},"end":{"line":100,"column":5}},"line":85},"11":{"name":"(anonymous_11)","decl":{"start":{"line":90,"column":22},"end":{"line":90,"column":23}},"loc":{"start":{"line":90,"column":30},"end":{"line":97,"column":9}},"line":90}},"branchMap":{"0":{"loc":{"start":{"line":4,"column":8},"end":{"line":6,"column":9}},"type":"if","locations":[{"start":{"line":4,"column":8},"end":{"line":6,"column":9}},{"start":{},"end":{}}],"line":4},"1":{"loc":{"start":{"line":17,"column":8},"end":{"line":19,"column":9}},"type":"if","locations":[{"start":{"line":17,"column":8},"end":{"line":19,"column":9}},{"start":{},"end":{}}],"line":17},"2":{"loc":{"start":{"line":30,"column":8},"end":{"line":32,"column":9}},"type":"if","locations":[{"start":{"line":30,"column":8},"end":{"line":32,"column":9}},{"start":{},"end":{}}],"line":30},"3":{"loc":{"start":{"line":43,"column":8},"end":{"line":45,"column":9}},"type":"if","locations":[{"start":{"line":43,"column":8},"end":{"line":45,"column":9}},{"start":{},"end":{}}],"line":43},"4":{"loc":{"start":{"line":56,"column":8},"end":{"line":58,"column":9}},"type":"if","locations":[{"start":{"line":56,"column":8},"end":{"line":58,"column":9}},{"start":{},"end":{}}],"line":56},"5":{"loc":{"start":{"line":91,"column":12},"end":{"line":96,"column":13}},"type":"if","locations":[{"start":{"line":91,"column":12},"end":{"line":96,"column":13}},{"start":{"line":94,"column":19},"end":{"line":96,"column":13}}],"line":91},"6":{"loc":{"start":{"line":94,"column":19},"end":{"line":96,"column":13}},"type":"if","locations":[{"start":{"line":94,"column":19},"end":{"line":96,"column":13}},{"start":{},"end":{}}],"line":94}},"s":{"0":2,"1":2,"2":2,"3":2,"4":1,"5":1,"6":1,"7":0,"8":2,"9":2,"10":2,"11":2,"12":1,"13":1,"14":1,"15":0,"16":2,"17":2,"18":2,"19":2,"20":1,"21":1,"22":1,"23":0,"24":2,"25":2,"26":2,"27":2,"28":1,"29":1,"30":1,"31":0,"32":2,"33":2,"34":2,"35":2,"36":1,"37":1,"38":1,"39":0,"40":2,"41":1,"42":2,"43":1,"44":2,"45":1,"46":2,"47":1,"48":2,"49":1,"50":1,"51":2,"52":2,"53":2,"54":2,"55":16,"56":5,"57":5,"58":11,"59":2,"60":2,"61":1,"62":2},"f":{"0":2,"1":2,"2":2,"3":2,"4":2,"5":1,"6":1,"7":1,"8":1,"9":1,"10":2,"11":16},"b":{"0":[1,1],"1":[1,1],"2":[1,1],"3":[1,1],"4":[1,1],"5":[5,11],"6":[2,9]},"_coverageSchema":"1a1c01bbd47fc00a2c39e90264f33305004495a9","hash":"f4e9c1cb7593a01ccfd570d4f1697d1bdb857483"}
,"/home/fahim/Projects/text_analyzer_tool/app/controller/textController.js": {"path":"/home/fahim/Projects/text_analyzer_tool/app/controller/textController.js","statementMap":{"0":{"start":{"line":1,"column":72},"end":{"line":1,"column":101}},"1":{"start":{"line":3,"column":16},"end":{"line":11,"column":1}},"2":{"start":{"line":4,"column":4},"end":{"line":10,"column":5}},"3":{"start":{"line":5,"column":21},"end":{"line":5,"column":48}},"4":{"start":{"line":6,"column":30},"end":{"line":6,"column":56}},"5":{"start":{"line":7,"column":8},"end":{"line":7,"column":53}},"6":{"start":{"line":9,"column":8},"end":{"line":9,"column":43}},"7":{"start":{"line":13,"column":19},"end":{"line":24,"column":1}},"8":{"start":{"line":14,"column":4},"end":{"line":23,"column":5}},"9":{"start":{"line":15,"column":23},"end":{"line":15,"column":31}},"10":{"start":{"line":16,"column":8},"end":{"line":18,"column":9}},"11":{"start":{"line":17,"column":12},"end":{"line":17,"column":82}},"12":{"start":{"line":19,"column":29},"end":{"line":19,"column":56}},"13":{"start":{"line":20,"column":8},"end":{"line":20,"column":93}},"14":{"start":{"line":22,"column":8},"end":{"line":22,"column":45}},"15":{"start":{"line":26,"column":19},"end":{"line":34,"column":1}},"16":{"start":{"line":27,"column":4},"end":{"line":33,"column":5}},"17":{"start":{"line":28,"column":21},"end":{"line":28,"column":48}},"18":{"start":{"line":29,"column":8},"end":{"line":29,"column":38}},"19":{"start":{"line":30,"column":8},"end":{"line":30,"column":76}},"20":{"start":{"line":32,"column":8},"end":{"line":32,"column":45}},"21":{"start":{"line":36,"column":19},"end":{"line":48,"column":1}},"22":{"start":{"line":37,"column":4},"end":{"line":47,"column":5}},"23":{"start":{"line":38,"column":21},"end":{"line":38,"column":48}},"24":{"start":{"line":39,"column":23},"end":{"line":39,"column":31}},"25":{"start":{"line":40,"column":8},"end":{"line":42,"column":9}},"26":{"start":{"line":41,"column":12},"end":{"line":41,"column":82}},"27":{"start":{"line":43,"column":8},"end":{"line":43,"column":44}},"28":{"start":{"line":44,"column":8},"end":{"line":44,"column":76}},"29":{"start":{"line":46,"column":8},"end":{"line":46,"column":45}},"30":{"start":{"line":50,"column":0},"end":{"line":55,"column":1}}},"fnMap":{"0":{"name":"(anonymous_0)","decl":{"start":{"line":3,"column":16},"end":{"line":3,"column":17}},"loc":{"start":{"line":3,"column":35},"end":{"line":11,"column":1}},"line":3},"1":{"name":"(anonymous_1)","decl":{"start":{"line":13,"column":19},"end":{"line":13,"column":20}},"loc":{"start":{"line":13,"column":39},"end":{"line":24,"column":1}},"line":13},"2":{"name":"(anonymous_2)","decl":{"start":{"line":26,"column":19},"end":{"line":26,"column":20}},"loc":{"start":{"line":26,"column":39},"end":{"line":34,"column":1}},"line":26},"3":{"name":"(anonymous_3)","decl":{"start":{"line":36,"column":19},"end":{"line":36,"column":20}},"loc":{"start":{"line":36,"column":39},"end":{"line":48,"column":1}},"line":36}},"branchMap":{"0":{"loc":{"start":{"line":16,"column":8},"end":{"line":18,"column":9}},"type":"if","locations":[{"start":{"line":16,"column":8},"end":{"line":18,"column":9}},{"start":{},"end":{}}],"line":16},"1":{"loc":{"start":{"line":40,"column":8},"end":{"line":42,"column":9}},"type":"if","locations":[{"start":{"line":40,"column":8},"end":{"line":42,"column":9}},{"start":{},"end":{}}],"line":40}},"s":{"0":2,"1":2,"2":2,"3":2,"4":2,"5":1,"6":1,"7":2,"8":2,"9":2,"10":2,"11":1,"12":1,"13":1,"14":0,"15":2,"16":1,"17":1,"18":1,"19":1,"20":0,"21":2,"22":2,"23":2,"24":2,"25":2,"26":1,"27":1,"28":1,"29":0,"30":2},"f":{"0":2,"1":2,"2":1,"3":2},"b":{"0":[1,1],"1":[1,1]},"_coverageSchema":"1a1c01bbd47fc00a2c39e90264f33305004495a9","hash":"40b949e0ae6a4e17898403a730ca91f84826ccb2"}
,"/home/fahim/Projects/text_analyzer_tool/app/model/textModel.js": {"path":"/home/fahim/Projects/text_analyzer_tool/app/model/textModel.js","statementMap":{"0":{"start":{"line":1,"column":20},"end":{"line":1,"column":58}},"1":{"start":{"line":3,"column":21},"end":{"line":11,"column":1}},"2":{"start":{"line":4,"column":4},"end":{"line":10,"column":5}},"3":{"start":{"line":5,"column":8},"end":{"line":5,"column":23}},"4":{"start":{"line":6,"column":30},"end":{"line":6,"column":101}},"5":{"start":{"line":7,"column":8},"end":{"line":7,"column":30}},"6":{"start":{"line":9,"column":8},"end":{"line":9,"column":19}},"7":{"start":{"line":13,"column":24},"end":{"line":20,"column":1}},"8":{"start":{"line":14,"column":4},"end":{"line":19,"column":5}},"9":{"start":{"line":15,"column":31},"end":{"line":15,"column":102}},"10":{"start":{"line":16,"column":8},"end":{"line":16,"column":29}},"11":{"start":{"line":18,"column":8},"end":{"line":18,"column":19}},"12":{"start":{"line":22,"column":24},"end":{"line":28,"column":1}},"13":{"start":{"line":23,"column":4},"end":{"line":27,"column":5}},"14":{"start":{"line":24,"column":8},"end":{"line":24,"column":72}},"15":{"start":{"line":26,"column":8},"end":{"line":26,"column":19}},"16":{"start":{"line":30,"column":24},"end":{"line":36,"column":1}},"17":{"start":{"line":31,"column":4},"end":{"line":35,"column":5}},"18":{"start":{"line":32,"column":8},"end":{"line":32,"column":86}},"19":{"start":{"line":34,"column":8},"end":{"line":34,"column":19}},"20":{"start":{"line":38,"column":0},"end":{"line":43,"column":1}}},"fnMap":{"0":{"name":"(anonymous_0)","decl":{"start":{"line":3,"column":21},"end":{"line":3,"column":22}},"loc":{"start":{"line":3,"column":34},"end":{"line":11,"column":1}},"line":3},"1":{"name":"(anonymous_1)","decl":{"start":{"line":13,"column":24},"end":{"line":13,"column":25}},"loc":{"start":{"line":13,"column":39},"end":{"line":20,"column":1}},"line":13},"2":{"name":"(anonymous_2)","decl":{"start":{"line":22,"column":24},"end":{"line":22,"column":25}},"loc":{"start":{"line":22,"column":37},"end":{"line":28,"column":1}},"line":22},"3":{"name":"(anonymous_3)","decl":{"start":{"line":30,"column":24},"end":{"line":30,"column":25}},"loc":{"start":{"line":30,"column":42},"end":{"line":36,"column":1}},"line":30}},"branchMap":{},"s":{"0":1,"1":1,"2":0,"3":0,"4":0,"5":0,"6":0,"7":1,"8":0,"9":0,"10":0,"11":0,"12":1,"13":0,"14":0,"15":0,"16":1,"17":0,"18":0,"19":0,"20":1},"f":{"0":0,"1":0,"2":0,"3":0},"b":{},"_coverageSchema":"1a1c01bbd47fc00a2c39e90264f33305004495a9","hash":"6030be5ba1ff1a2b42ed85a21dadd5419fe00b58"}
,"/home/fahim/Projects/text_analyzer_tool/app/routes/route.js": {"path":"/home/fahim/Projects/text_analyzer_tool/app/routes/route.js","statementMap":{"0":{"start":{"line":1,"column":16},"end":{"line":1,"column":34}},"1":{"start":{"line":2,"column":23},"end":{"line":2,"column":62}},"2":{"start":{"line":3,"column":31},"end":{"line":3,"column":78}},"3":{"start":{"line":6,"column":15},"end":{"line":6,"column":31}},"4":{"start":{"line":8,"column":0},"end":{"line":8,"column":55}},"5":{"start":{"line":9,"column":0},"end":{"line":9,"column":54}},"6":{"start":{"line":10,"column":0},"end":{"line":10,"column":64}},"7":{"start":{"line":11,"column":0},"end":{"line":11,"column":61}},"8":{"start":{"line":12,"column":0},"end":{"line":12,"column":69}},"9":{"start":{"line":13,"column":0},"end":{"line":13,"column":79}},"10":{"start":{"line":14,"column":0},"end":{"line":14,"column":77}},"11":{"start":{"line":15,"column":0},"end":{"line":15,"column":79}},"12":{"start":{"line":16,"column":0},"end":{"line":16,"column":99}},"13":{"start":{"line":18,"column":0},"end":{"line":18,"column":24}}},"fnMap":{},"branchMap":{},"s":{"0":2,"1":2,"2":2,"3":2,"4":2,"5":2,"6":2,"7":2,"8":2,"9":2,"10":2,"11":2,"12":2,"13":2},"f":{},"b":{},"_coverageSchema":"1a1c01bbd47fc00a2c39e90264f33305004495a9","hash":"27f5b3ad1f083e2b76160baa0c3a0b3bf632f5b5"}
,"/home/fahim/Projects/text_analyzer_tool/dbConnection/mysqlCon.js": {"path":"/home/fahim/Projects/text_analyzer_tool/dbConnection/mysqlCon.js","statementMap":{"0":{"start":{"line":3,"column":14},"end":{"line":3,"column":31}},"1":{"start":{"line":4,"column":0},"end":{"line":4,"column":27}},"2":{"start":{"line":6,"column":19},"end":{"line":19,"column":2}},"3":{"start":{"line":21,"column":26},"end":{"line":21,"column":35}},"4":{"start":{"line":24,"column":0},"end":{"line":29,"column":3}},"5":{"start":{"line":25,"column":2},"end":{"line":28,"column":5}},"6":{"start":{"line":32,"column":0},"end":{"line":44,"column":3}},"7":{"start":{"line":33,"column":24},"end":{"line":33,"column":40}},"8":{"start":{"line":34,"column":2},"end":{"line":43,"column":4}},"9":{"start":{"line":35,"column":27},"end":{"line":35,"column":52}},"10":{"start":{"line":36,"column":4},"end":{"line":41,"column":5}},"11":{"start":{"line":37,"column":6},"end":{"line":40,"column":9}},"12":{"start":{"line":42,"column":4},"end":{"line":42,"column":48}},"13":{"start":{"line":47,"column":0},"end":{"line":49,"column":3}},"14":{"start":{"line":48,"column":2},"end":{"line":48,"column":48}},"15":{"start":{"line":69,"column":21},"end":{"line":83,"column":1}},"16":{"start":{"line":70,"column":2},"end":{"line":82,"column":5}},"17":{"start":{"line":71,"column":6},"end":{"line":81,"column":9}},"18":{"start":{"line":72,"column":10},"end":{"line":75,"column":11}},"19":{"start":{"line":73,"column":14},"end":{"line":73,"column":26}},"20":{"start":{"line":74,"column":14},"end":{"line":74,"column":21}},"21":{"start":{"line":77,"column":10},"end":{"line":77,"column":23}},"22":{"start":{"line":80,"column":10},"end":{"line":80,"column":24}},"23":{"start":{"line":89,"column":16},"end":{"line":97,"column":1}},"24":{"start":{"line":90,"column":4},"end":{"line":96,"column":6}},"25":{"start":{"line":91,"column":30},"end":{"line":95,"column":10}},"26":{"start":{"line":93,"column":12},"end":{"line":93,"column":38}},"27":{"start":{"line":93,"column":20},"end":{"line":93,"column":38}},"28":{"start":{"line":94,"column":12},"end":{"line":94,"column":27}},"29":{"start":{"line":99,"column":18},"end":{"line":105,"column":2}},"30":{"start":{"line":99,"column":35},"end":{"line":105,"column":2}},"31":{"start":{"line":100,"column":26},"end":{"line":104,"column":6}},"32":{"start":{"line":102,"column":8},"end":{"line":102,"column":34}},"33":{"start":{"line":102,"column":16},"end":{"line":102,"column":34}},"34":{"start":{"line":103,"column":8},"end":{"line":103,"column":23}},"35":{"start":{"line":107,"column":32},"end":{"line":120,"column":1}},"36":{"start":{"line":108,"column":4},"end":{"line":119,"column":5}},"37":{"start":{"line":109,"column":21},"end":{"line":109,"column":41}},"38":{"start":{"line":110,"column":8},"end":{"line":115,"column":9}},"39":{"start":{"line":112,"column":12},"end":{"line":112,"column":91}},"40":{"start":{"line":114,"column":12},"end":{"line":114,"column":27}},"41":{"start":{"line":117,"column":8},"end":{"line":118,"column":29}},"42":{"start":{"line":121,"column":0},"end":{"line":121,"column":26}},"43":{"start":{"line":123,"column":0},"end":{"line":127,"column":1}}},"fnMap":{"0":{"name":"(anonymous_0)","decl":{"start":{"line":24,"column":25},"end":{"line":24,"column":26}},"loc":{"start":{"line":24,"column":41},"end":{"line":29,"column":1}},"line":24},"1":{"name":"(anonymous_1)","decl":{"start":{"line":32,"column":28},"end":{"line":32,"column":29}},"loc":{"start":{"line":32,"column":44},"end":{"line":44,"column":1}},"line":32},"2":{"name":"(anonymous_2)","decl":{"start":{"line":34,"column":21},"end":{"line":34,"column":22}},"loc":{"start":{"line":34,"column":54},"end":{"line":43,"column":3}},"line":34},"3":{"name":"(anonymous_3)","decl":{"start":{"line":47,"column":25},"end":{"line":47,"column":26}},"loc":{"start":{"line":47,"column":41},"end":{"line":49,"column":1}},"line":47},"4":{"name":"(anonymous_4)","decl":{"start":{"line":69,"column":21},"end":{"line":69,"column":22}},"loc":{"start":{"line":69,"column":27},"end":{"line":83,"column":1}},"line":69},"5":{"name":"(anonymous_5)","decl":{"start":{"line":70,"column":21},"end":{"line":70,"column":22}},"loc":{"start":{"line":70,"column":42},"end":{"line":82,"column":3}},"line":70},"6":{"name":"(anonymous_6)","decl":{"start":{"line":71,"column":31},"end":{"line":71,"column":32}},"loc":{"start":{"line":71,"column":45},"end":{"line":81,"column":7}},"line":71},"7":{"name":"(anonymous_7)","decl":{"start":{"line":89,"column":16},"end":{"line":89,"column":17}},"loc":{"start":{"line":89,"column":36},"end":{"line":97,"column":1}},"line":89},"8":{"name":"(anonymous_8)","decl":{"start":{"line":90,"column":23},"end":{"line":90,"column":24}},"loc":{"start":{"line":90,"column":49},"end":{"line":96,"column":5}},"line":90},"9":{"name":"(anonymous_9)","decl":{"start":{"line":91,"column":51},"end":{"line":91,"column":52}},"loc":{"start":{"line":91,"column":73},"end":{"line":95,"column":9}},"line":91},"10":{"name":"(anonymous_10)","decl":{"start":{"line":99,"column":18},"end":{"line":99,"column":19}},"loc":{"start":{"line":99,"column":35},"end":{"line":105,"column":2}},"line":99},"11":{"name":"(anonymous_11)","decl":{"start":{"line":99,"column":47},"end":{"line":99,"column":48}},"loc":{"start":{"line":99,"column":68},"end":{"line":105,"column":1}},"line":99},"12":{"name":"(anonymous_12)","decl":{"start":{"line":100,"column":56},"end":{"line":100,"column":57}},"loc":{"start":{"line":100,"column":78},"end":{"line":104,"column":5}},"line":100},"13":{"name":"(anonymous_13)","decl":{"start":{"line":107,"column":32},"end":{"line":107,"column":33}},"loc":{"start":{"line":107,"column":44},"end":{"line":120,"column":1}},"line":107}},"branchMap":{"0":{"loc":{"start":{"line":36,"column":4},"end":{"line":41,"column":5}},"type":"if","locations":[{"start":{"line":36,"column":4},"end":{"line":41,"column":5}},{"start":{},"end":{}}],"line":36},"1":{"loc":{"start":{"line":72,"column":10},"end":{"line":75,"column":11}},"type":"if","locations":[{"start":{"line":72,"column":10},"end":{"line":75,"column":11}},{"start":{},"end":{}}],"line":72},"2":{"loc":{"start":{"line":93,"column":12},"end":{"line":93,"column":38}},"type":"if","locations":[{"start":{"line":93,"column":12},"end":{"line":93,"column":38}},{"start":{},"end":{}}],"line":93},"3":{"loc":{"start":{"line":102,"column":8},"end":{"line":102,"column":34}},"type":"if","locations":[{"start":{"line":102,"column":8},"end":{"line":102,"column":34}},{"start":{},"end":{}}],"line":102}},"s":{"0":1,"1":1,"2":1,"3":1,"4":1,"5":1,"6":1,"7":1,"8":1,"9":0,"10":0,"11":0,"12":0,"13":1,"14":2,"15":1,"16":1,"17":1,"18":1,"19":0,"20":0,"21":1,"22":1,"23":1,"24":0,"25":0,"26":0,"27":0,"28":0,"29":1,"30":0,"31":0,"32":0,"33":0,"34":0,"35":1,"36":1,"37":1,"38":1,"39":1,"40":1,"41":0,"42":1,"43":1},"f":{"0":1,"1":1,"2":0,"3":2,"4":1,"5":1,"6":1,"7":0,"8":0,"9":0,"10":0,"11":0,"12":0,"13":1},"b":{"0":[0,0],"1":[0,1],"2":[0,0],"3":[0,0]},"_coverageSchema":"1a1c01bbd47fc00a2c39e90264f33305004495a9","hash":"ab79fc65ed7cf1bc27d4a4a375221c46d21e1481"}
}
