TN:
SF:server.js
FN:15,(anonymous_0)
FNF:1
FNH:1
FNDA:17,(anonymous_0)
DA:1,2
DA:2,2
DA:3,2
DA:4,2
DA:5,2
DA:7,2
DA:10,2
DA:11,2
DA:12,2
DA:13,2
DA:15,2
DA:16,17
DA:17,17
DA:18,17
DA:19,17
DA:20,17
DA:25,17
DA:26,0
DA:29,17
DA:33,2
DA:34,2
DA:36,2
LF:22
LH:21
BRDA:25,0,0,0
BRDA:25,0,1,17
BRF:2
BRH:1
end_of_record
TN:
SF:app/controller/textAnalyzerController.js
FN:1,(anonymous_0)
FN:14,(anonymous_1)
FN:27,(anonymous_2)
FN:40,(anonymous_3)
FN:53,(anonymous_4)
FN:67,(anonymous_5)
FN:71,(anonymous_6)
FN:75,(anonymous_7)
FN:79,(anonymous_8)
FN:83,(anonymous_9)
FN:85,(anonymous_10)
FN:90,(anonymous_11)
FNF:12
FNH:12
FNDA:2,(anonymous_0)
FNDA:2,(anonymous_1)
FNDA:2,(anonymous_2)
FNDA:2,(anonymous_3)
FNDA:2,(anonymous_4)
FNDA:1,(anonymous_5)
FNDA:1,(anonymous_6)
FNDA:1,(anonymous_7)
FNDA:1,(anonymous_8)
FNDA:1,(anonymous_9)
FNDA:2,(anonymous_10)
FNDA:16,(anonymous_11)
DA:1,2
DA:2,2
DA:3,2
DA:4,2
DA:5,1
DA:7,1
DA:8,1
DA:10,0
DA:14,2
DA:15,2
DA:16,2
DA:17,2
DA:18,1
DA:20,1
DA:21,1
DA:23,0
DA:27,2
DA:28,2
DA:29,2
DA:30,2
DA:31,1
DA:33,1
DA:34,1
DA:36,0
DA:40,2
DA:41,2
DA:42,2
DA:43,2
DA:44,1
DA:46,1
DA:47,1
DA:49,0
DA:53,2
DA:54,2
DA:55,2
DA:56,2
DA:57,1
DA:59,1
DA:60,1
DA:62,0
DA:67,2
DA:68,1
DA:71,2
DA:72,1
DA:75,2
DA:76,1
DA:79,2
DA:80,1
DA:83,2
DA:84,1
DA:85,1
DA:86,2
DA:87,2
DA:88,2
DA:90,2
DA:91,16
DA:92,5
DA:93,5
DA:94,11
DA:95,2
DA:99,2
DA:102,1
DA:106,2
LF:63
LH:58
BRDA:4,0,0,1
BRDA:4,0,1,1
BRDA:17,1,0,1
BRDA:17,1,1,1
BRDA:30,2,0,1
BRDA:30,2,1,1
BRDA:43,3,0,1
BRDA:43,3,1,1
BRDA:56,4,0,1
BRDA:56,4,1,1
BRDA:91,5,0,5
BRDA:91,5,1,11
BRDA:94,6,0,2
BRDA:94,6,1,9
BRF:14
BRH:14
end_of_record
TN:
SF:app/controller/textController.js
FN:3,(anonymous_0)
FN:13,(anonymous_1)
FN:26,(anonymous_2)
FN:36,(anonymous_3)
FNF:4
FNH:4
FNDA:2,(anonymous_0)
FNDA:2,(anonymous_1)
FNDA:1,(anonymous_2)
FNDA:2,(anonymous_3)
DA:1,2
DA:3,2
DA:4,2
DA:5,2
DA:6,2
DA:7,1
DA:9,1
DA:13,2
DA:14,2
DA:15,2
DA:16,2
DA:17,1
DA:19,1
DA:20,1
DA:22,0
DA:26,2
DA:27,1
DA:28,1
DA:29,1
DA:30,1
DA:32,0
DA:36,2
DA:37,2
DA:38,2
DA:39,2
DA:40,2
DA:41,1
DA:43,1
DA:44,1
DA:46,0
DA:50,2
LF:31
LH:28
BRDA:16,0,0,1
BRDA:16,0,1,1
BRDA:40,1,0,1
BRDA:40,1,1,1
BRF:4
BRH:4
end_of_record
TN:
SF:app/model/textModel.js
FN:3,(anonymous_0)
FN:13,(anonymous_1)
FN:22,(anonymous_2)
FN:30,(anonymous_3)
FNF:4
FNH:0
FNDA:0,(anonymous_0)
FNDA:0,(anonymous_1)
FNDA:0,(anonymous_2)
FNDA:0,(anonymous_3)
DA:1,1
DA:3,1
DA:4,0
DA:5,0
DA:6,0
DA:7,0
DA:9,0
DA:13,1
DA:14,0
DA:15,0
DA:16,0
DA:18,0
DA:22,1
DA:23,0
DA:24,0
DA:26,0
DA:30,1
DA:31,0
DA:32,0
DA:34,0
DA:38,1
LF:21
LH:6
BRF:0
BRH:0
end_of_record
TN:
SF:app/routes/route.js
FNF:0
FNH:0
DA:1,2
DA:2,2
DA:3,2
DA:6,2
DA:8,2
DA:9,2
DA:10,2
DA:11,2
DA:12,2
DA:13,2
DA:14,2
DA:15,2
DA:16,2
DA:18,2
LF:14
LH:14
BRF:0
BRH:0
end_of_record
TN:
SF:dbConnection/mysqlCon.js
FN:24,(anonymous_0)
FN:32,(anonymous_1)
FN:34,(anonymous_2)
FN:47,(anonymous_3)
FN:69,(anonymous_4)
FN:70,(anonymous_5)
FN:71,(anonymous_6)
FN:89,(anonymous_7)
FN:90,(anonymous_8)
FN:91,(anonymous_9)
FN:99,(anonymous_10)
FN:99,(anonymous_11)
FN:100,(anonymous_12)
FN:107,(anonymous_13)
FNF:14
FNH:7
FNDA:1,(anonymous_0)
FNDA:1,(anonymous_1)
FNDA:0,(anonymous_2)
FNDA:2,(anonymous_3)
FNDA:1,(anonymous_4)
FNDA:1,(anonymous_5)
FNDA:1,(anonymous_6)
FNDA:0,(anonymous_7)
FNDA:0,(anonymous_8)
FNDA:0,(anonymous_9)
FNDA:0,(anonymous_10)
FNDA:0,(anonymous_11)
FNDA:0,(anonymous_12)
FNDA:1,(anonymous_13)
DA:3,1
DA:4,1
DA:6,1
DA:21,1
DA:24,1
DA:25,1
DA:32,1
DA:33,1
DA:34,1
DA:35,0
DA:36,0
DA:37,0
DA:42,0
DA:47,1
DA:48,2
DA:69,1
DA:70,1
DA:71,1
DA:72,1
DA:73,0
DA:74,0
DA:77,1
DA:80,1
DA:89,1
DA:90,0
DA:91,0
DA:93,0
DA:94,0
DA:99,1
DA:100,0
DA:102,0
DA:103,0
DA:107,1
DA:108,1
DA:109,1
DA:110,1
DA:112,1
DA:114,1
DA:117,0
DA:121,1
DA:123,1
LF:41
LH:27
BRDA:36,0,0,0
BRDA:36,0,1,0
BRDA:72,1,0,0
BRDA:72,1,1,1
BRDA:93,2,0,0
BRDA:93,2,1,0
BRDA:102,3,0,0
BRDA:102,3,1,0
BRF:8
BRH:1
end_of_record
